<?xml version="1.0" encoding="UTF-8"?>
<testng-results ignored="1" total="4" passed="3" failed="0" skipped="0">
  <reporter-output>
  </reporter-output>
  <suite started-at="2021-11-06T21:30:55 ART" name="Gradle suite" finished-at="2021-11-06T21:31:00 ART" duration-ms="4525">
    <groups>
      <group name="smoke">
        <method signature="Books.createAndDeletebook()[pri:0, instance:Books@36f48b4]" name="createAndDeletebook" class="Books"/>
        <method signature="Books.deleteNonExistentBook_FailMessage()[pri:0, instance:Books@36f48b4]" name="deleteNonExistentBook_FailMessage" class="Books"/>
        <method signature="Books.getBooksList()[pri:0, instance:Books@36f48b4]" name="getBooksList" class="Books"/>
      </group> <!-- smoke -->
    </groups>
    <test started-at="2021-11-06T21:30:55 ART" name="Gradle test" finished-at="2021-11-06T21:31:00 ART" duration-ms="4525">
      <class name="Books">
        <test-method is-config="true" signature="setupRestAssured()[pri:0, instance:Books@36f48b4]" started-at="2021-11-06T21:30:55 ART" name="setupRestAssured" finished-at="2021-11-06T21:30:56 ART" duration-ms="642" status="PASS">
          <reporter-output>
          </reporter-output>
        </test-method> <!-- setupRestAssured -->
        <test-method signature="createAndDeletebook()[pri:0, instance:Books@36f48b4]" started-at="2021-11-06T21:30:56 ART" name="createAndDeletebook" finished-at="2021-11-06T21:30:59 ART" duration-ms="2569" status="PASS">
          <reporter-output>
          </reporter-output>
        </test-method> <!-- createAndDeletebook -->
        <test-method signature="deleteNonExistentBook_FailMessage()[pri:0, instance:Books@36f48b4]" started-at="2021-11-06T21:30:59 ART" name="deleteNonExistentBook_FailMessage" finished-at="2021-11-06T21:30:59 ART" duration-ms="391" status="PASS">
          <reporter-output>
          </reporter-output>
        </test-method> <!-- deleteNonExistentBook_FailMessage -->
        <test-method signature="getBooksList()[pri:0, instance:Books@36f48b4]" started-at="2021-11-06T21:30:59 ART" name="getBooksList" finished-at="2021-11-06T21:31:00 ART" duration-ms="858" status="PASS">
          <reporter-output>
          </reporter-output>
        </test-method> <!-- getBooksList -->
      </class> <!-- Books -->
    </test> <!-- Gradle test -->
  </suite> <!-- Gradle suite -->
</testng-results>
